# JRE version: Java(TM) SE Runtime Environment (8.0_211-b12) (build 1.8.0_211-b12)
# Java VM: Java HotSpot(TM) 64-Bit Server VM (25.211-b12 mixed mode windows-amd64 compressed oops)
Heap:
 PSYoungGen      total 496640K, used 14938K [0x00000000d5e00000, 0x00000000f6200000, 0x0000000100000000)
  eden space 466944K, 0% used [0x00000000d5e00000,0x00000000d5e00000,0x00000000f2600000)
  from space 29696K, 50% used [0x00000000f2600000,0x00000000f3496890,0x00000000f4300000)
  to   space 23040K, 0% used [0x00000000f4300000,0x00000000f4300000,0x00000000f5980000)
 ParOldGen       total 69632K, used 39203K [0x0000000081a00000, 0x0000000085e00000, 0x00000000d5e00000)
  object space 69632K, 56% used [0x0000000081a00000,0x0000000084048de0,0x0000000085e00000)
 Metaspace       used 38375K, capacity 39268K, committed 39296K, reserved 1087488K
  class space    used 4706K, capacity 4964K, committed 4992K, reserved 1048576K
GC Heap History (10 events):
Event: 34.064 GC heap after
Heap after GC invocations=10 (full 1):
 PSYoungGen      total 212992K, used 6511K [0x00000000d5e00000, 0x00000000eab80000, 0x0000000100000000)
  eden space 195584K, 0% used [0x00000000d5e00000,0x00000000d5e00000,0x00000000e1d00000)
  from space 17408K, 37% used [0x00000000e1d00000,0x00000000e235be30,0x00000000e2e00000)
  to   space 17408K, 0% used [0x00000000e9a80000,0x00000000e9a80000,0x00000000eab80000)
 ParOldGen       total 49664K, used 25003K [0x0000000081a00000, 0x0000000084a80000, 0x00000000d5e00000)
  object space 49664K, 50% used [0x0000000081a00000,0x000000008326af78,0x0000000084a80000)
 Metaspace       used 34792K, capacity 35286K, committed 35456K, reserved 1079296K
  class space    used 4471K, capacity 4628K, committed 4736K, reserved 1048576K
}
Event: 34.064 GC heap before
{Heap before GC invocations=11 (full 2):
 PSYoungGen      total 212992K, used 6511K [0x00000000d5e00000, 0x00000000eab80000, 0x0000000100000000)
  eden space 195584K, 0% used [0x00000000d5e00000,0x00000000d5e00000,0x00000000e1d00000)
  from space 17408K, 37% used [0x00000000e1d00000,0x00000000e235be30,0x00000000e2e00000)
  to   space 17408K, 0% used [0x00000000e9a80000,0x00000000e9a80000,0x00000000eab80000)
 ParOldGen       total 49664K, used 25003K [0x0000000081a00000, 0x0000000084a80000, 0x00000000d5e00000)
  object space 49664K, 50% used [0x0000000081a00000,0x000000008326af78,0x0000000084a80000)
 Metaspace       used 34792K, capacity 35286K, committed 35456K, reserved 1079296K
  class space    used 4471K, capacity 4628K, committed 4736K, reserved 1048576K
Event: 34.180 GC heap after
Heap after GC invocations=11 (full 2):
 PSYoungGen      total 212992K, used 0K [0x00000000d5e00000, 0x00000000eab80000, 0x0000000100000000)
  eden space 195584K, 0% used [0x00000000d5e00000,0x00000000d5e00000,0x00000000e1d00000)
  from space 17408K, 0% used [0x00000000e1d00000,0x00000000e1d00000,0x00000000e2e00000)
  to   space 17408K, 0% used [0x00000000e9a80000,0x00000000e9a80000,0x00000000eab80000)
 ParOldGen       total 69632K, used 23490K [0x0000000081a00000, 0x0000000085e00000, 0x00000000d5e00000)
  object space 69632K, 33% used [0x0000000081a00000,0x00000000830f08a0,0x0000000085e00000)
 Metaspace       used 34732K, capacity 35202K, committed 35456K, reserved 1079296K
  class space    used 4466K, capacity 4616K, committed 4736K, reserved 1048576K
}
Event: 46.488 GC heap before
{Heap before GC invocations=12 (full 2):
 PSYoungGen      total 212992K, used 195584K [0x00000000d5e00000, 0x00000000eab80000, 0x0000000100000000)
  eden space 195584K, 100% used [0x00000000d5e00000,0x00000000e1d00000,0x00000000e1d00000)
  from space 17408K, 0% used [0x00000000e1d00000,0x00000000e1d00000,0x00000000e2e00000)
  to   space 17408K, 0% used [0x00000000e9a80000,0x00000000e9a80000,0x00000000eab80000)
 ParOldGen       total 69632K, used 23490K [0x0000000081a00000, 0x0000000085e00000, 0x00000000d5e00000)
  object space 69632K, 33% used [0x0000000081a00000,0x00000000830f08a0,0x0000000085e00000)
 Metaspace       used 36535K, capacity 37276K, committed 37376K, reserved 1081344K
  class space    used 4649K, capacity 4841K, committed 4864K, reserved 1048576K
Event: 46.501 GC heap after
Heap after GC invocations=12 (full 2):
 PSYoungGen      total 323072K, used 14792K [0x00000000d5e00000, 0x00000000eac80000, 0x0000000100000000)
  eden space 305664K, 0% used [0x00000000d5e00000,0x00000000d5e00000,0x00000000e8880000)
  from space 17408K, 84% used [0x00000000e9a80000,0x00000000ea8f23d8,0x00000000eab80000)
  to   space 18432K, 0% used [0x00000000e8880000,0x00000000e8880000,0x00000000e9a80000)
 ParOldGen       total 69632K, used 23498K [0x0000000081a00000, 0x0000000085e00000, 0x00000000d5e00000)
  object space 69632K, 33% used [0x0000000081a00000,0x00000000830f28a0,0x0000000085e00000)
 Metaspace       used 36535K, capacity 37276K, committed 37376K, reserved 1081344K
  class space    used 4649K, capacity 4841K, committed 4864K, reserved 1048576K
}
Event: 394.383 GC heap before
{Heap before GC invocations=13 (full 2):
 PSYoungGen      total 323072K, used 320456K [0x00000000d5e00000, 0x00000000eac80000, 0x0000000100000000)
  eden space 305664K, 100% used [0x00000000d5e00000,0x00000000e8880000,0x00000000e8880000)
  from space 17408K, 84% used [0x00000000e9a80000,0x00000000ea8f23d8,0x00000000eab80000)
  to   space 18432K, 0% used [0x00000000e8880000,0x00000000e8880000,0x00000000e9a80000)
 ParOldGen       total 69632K, used 23498K [0x0000000081a00000, 0x0000000085e00000, 0x00000000d5e00000)
  object space 69632K, 33% used [0x0000000081a00000,0x00000000830f28a0,0x0000000085e00000)
 Metaspace       used 37515K, capacity 38456K, committed 38784K, reserved 1083392K
  class space    used 4683K, capacity 4910K, committed 4992K, reserved 1048576K
Event: 394.419 GC heap after
Heap after GC invocations=13 (full 2):
 PSYoungGen      total 324096K, used 18400K [0x00000000d5e00000, 0x00000000f5980000, 0x0000000100000000)
  eden space 305664K, 0% used [0x00000000d5e00000,0x00000000d5e00000,0x00000000e8880000)
  from space 18432K, 99% used [0x00000000e8880000,0x00000000e9a781e0,0x00000000e9a80000)
  to   space 23040K, 0% used [0x00000000f4300000,0x00000000f4300000,0x00000000f5980000)
 ParOldGen       total 69632K, used 28914K [0x0000000081a00000, 0x0000000085e00000, 0x00000000d5e00000)
  object space 69632K, 41% used [0x0000000081a00000,0x000000008363cbb0,0x0000000085e00000)
 Metaspace       used 37515K, capacity 38456K, committed 38784K, reserved 1083392K
  class space    used 4683K, capacity 4910K, committed 4992K, reserved 1048576K
}
Event: 2214.692 GC heap before
{Heap before GC invocations=14 (full 2):
 PSYoungGen      total 324096K, used 324064K [0x00000000d5e00000, 0x00000000f5980000, 0x0000000100000000)
  eden space 305664K, 100% used [0x00000000d5e00000,0x00000000e8880000,0x00000000e8880000)
  from space 18432K, 99% used [0x00000000e8880000,0x00000000e9a781e0,0x00000000e9a80000)
  to   space 23040K, 0% used [0x00000000f4300000,0x00000000f4300000,0x00000000f5980000)
 ParOldGen       total 69632K, used 28914K [0x0000000081a00000, 0x0000000085e00000, 0x00000000d5e00000)
  object space 69632K, 41% used [0x0000000081a00000,0x000000008363cbb0,0x0000000085e00000)
 Metaspace       used 38057K, capacity 38960K, committed 39040K, reserved 1083392K
  class space    used 4688K, capacity 4918K, committed 4992K, reserved 1048576K
Event: 2216.150 GC heap after
Heap after GC invocations=14 (full 2):
 PSYoungGen      total 489984K, used 23016K [0x00000000d5e00000, 0x00000000f6200000, 0x0000000100000000)
  eden space 466944K, 0% used [0x00000000d5e00000,0x00000000d5e00000,0x00000000f2600000)
  from space 23040K, 99% used [0x00000000f4300000,0x00000000f597a3f0,0x00000000f5980000)
  to   space 29696K, 0% used [0x00000000f2600000,0x00000000f2600000,0x00000000f4300000)
 ParOldGen       total 69632K, used 38640K [0x0000000081a00000, 0x0000000085e00000, 0x00000000d5e00000)
  object space 69632K, 55% used [0x0000000081a00000,0x0000000083fbc2f8,0x0000000085e00000)
 Metaspace       used 38057K, capacity 38960K, committed 39040K, reserved 1083392K
  class space    used 4688K, capacity 4918K, committed 4992K, reserved 1048576K
}
Event: 3181.151 GC heap before
{Heap before GC invocations=15 (full 2):
 PSYoungGen      total 489984K, used 179425K [0x00000000d5e00000, 0x00000000f6200000, 0x0000000100000000)
  eden space 466944K, 33% used [0x00000000d5e00000,0x00000000df6be140,0x00000000f2600000)
  from space 23040K, 99% used [0x00000000f4300000,0x00000000f597a3f0,0x00000000f5980000)
  to   space 29696K, 0% used [0x00000000f2600000,0x00000000f2600000,0x00000000f4300000)
 ParOldGen       total 69632K, used 38640K [0x0000000081a00000, 0x0000000085e00000, 0x00000000d5e00000)
  object space 69632K, 55% used [0x0000000081a00000,0x0000000083fbc2f8,0x0000000085e00000)
 Metaspace       used 38375K, capacity 39268K, committed 39296K, reserved 1087488K
  class space    used 4706K, capacity 4964K, committed 4992K, reserved 1048576K

