# JRE version: Java(TM) SE Runtime Environment (8.0_211-b12) (build 1.8.0_211-b12)
# Java VM: Java HotSpot(TM) 64-Bit Server VM (25.211-b12 mixed mode windows-amd64 compressed oops)
Heap:
 PSYoungGen      total 110592K, used 34211K [0x00000000d5e00000, 0x00000000e1a00000, 0x0000000100000000)
  eden space 100352K, 34% used [0x00000000d5e00000,0x00000000d7f68ee0,0x00000000dc000000)
  from space 10240K, 0% used [0x00000000dc000000,0x00000000dc000000,0x00000000dca00000)
  to   space 11264K, 0% used [0x00000000e0f00000,0x00000000e0f00000,0x00000000e1a00000)
 ParOldGen       total 75264K, used 16325K [0x0000000081a00000, 0x0000000086380000, 0x00000000d5e00000)
  object space 75264K, 21% used [0x0000000081a00000,0x00000000829f15a0,0x0000000086380000)
 Metaspace       used 36371K, capacity 36820K, committed 37032K, reserved 1081344K
  class space    used 4702K, capacity 4837K, committed 4864K, reserved 1048576K
GC Heap History (10 events):
Event: 12.175 GC heap before
{Heap before GC invocations=5 (full 1):
 PSYoungGen      total 38400K, used 33280K [0x00000000d5e00000, 0x00000000da900000, 0x0000000100000000)
  eden space 33280K, 100% used [0x00000000d5e00000,0x00000000d7e80000,0x00000000d7e80000)
  from space 5120K, 0% used [0x00000000d7e80000,0x00000000d7e80000,0x00000000d8380000)
  to   space 5120K, 0% used [0x00000000da400000,0x00000000da400000,0x00000000da900000)
 ParOldGen       total 50688K, used 6715K [0x0000000081a00000, 0x0000000084b80000, 0x00000000d5e00000)
  object space 50688K, 13% used [0x0000000081a00000,0x000000008208ed80,0x0000000084b80000)
 Metaspace       used 27446K, capacity 27852K, committed 28160K, reserved 1073152K
  class space    used 3389K, capacity 3519K, committed 3584K, reserved 1048576K
Event: 12.189 GC heap after
Heap after GC invocations=5 (full 1):
 PSYoungGen      total 63488K, used 5118K [0x00000000d5e00000, 0x00000000da900000, 0x0000000100000000)
  eden space 58368K, 0% used [0x00000000d5e00000,0x00000000d5e00000,0x00000000d9700000)
  from space 5120K, 99% used [0x00000000da400000,0x00000000da8ffaa0,0x00000000da900000)
  to   space 5120K, 0% used [0x00000000d9f00000,0x00000000d9f00000,0x00000000da400000)
 ParOldGen       total 50688K, used 7836K [0x0000000081a00000, 0x0000000084b80000, 0x00000000d5e00000)
  object space 50688K, 15% used [0x0000000081a00000,0x00000000821a7190,0x0000000084b80000)
 Metaspace       used 27446K, capacity 27852K, committed 28160K, reserved 1073152K
  class space    used 3389K, capacity 3519K, committed 3584K, reserved 1048576K
}
Event: 13.536 GC heap before
{Heap before GC invocations=6 (full 1):
 PSYoungGen      total 63488K, used 63486K [0x00000000d5e00000, 0x00000000da900000, 0x0000000100000000)
  eden space 58368K, 100% used [0x00000000d5e00000,0x00000000d9700000,0x00000000d9700000)
  from space 5120K, 99% used [0x00000000da400000,0x00000000da8ffaa0,0x00000000da900000)
  to   space 5120K, 0% used [0x00000000d9f00000,0x00000000d9f00000,0x00000000da400000)
 ParOldGen       total 50688K, used 7836K [0x0000000081a00000, 0x0000000084b80000, 0x00000000d5e00000)
  object space 50688K, 15% used [0x0000000081a00000,0x00000000821a7190,0x0000000084b80000)
 Metaspace       used 30094K, capacity 30504K, committed 30848K, reserved 1077248K
  class space    used 3789K, capacity 3917K, committed 3968K, reserved 1048576K
Event: 13.562 GC heap after
Heap after GC invocations=6 (full 1):
 PSYoungGen      total 71680K, used 5113K [0x00000000d5e00000, 0x00000000dd200000, 0x0000000100000000)
  eden space 66560K, 0% used [0x00000000d5e00000,0x00000000d5e00000,0x00000000d9f00000)
  from space 5120K, 99% used [0x00000000d9f00000,0x00000000da3fe7b0,0x00000000da400000)
  to   space 8192K, 0% used [0x00000000dca00000,0x00000000dca00000,0x00000000dd200000)
 ParOldGen       total 50688K, used 9577K [0x0000000081a00000, 0x0000000084b80000, 0x00000000d5e00000)
  object space 50688K, 18% used [0x0000000081a00000,0x000000008235a678,0x0000000084b80000)
 Metaspace       used 30094K, capacity 30504K, committed 30848K, reserved 1077248K
  class space    used 3789K, capacity 3917K, committed 3968K, reserved 1048576K
}
Event: 16.362 GC heap before
{Heap before GC invocations=7 (full 1):
 PSYoungGen      total 71680K, used 71673K [0x00000000d5e00000, 0x00000000dd200000, 0x0000000100000000)
  eden space 66560K, 100% used [0x00000000d5e00000,0x00000000d9f00000,0x00000000d9f00000)
  from space 5120K, 99% used [0x00000000d9f00000,0x00000000da3fe7b0,0x00000000da400000)
  to   space 8192K, 0% used [0x00000000dca00000,0x00000000dca00000,0x00000000dd200000)
 ParOldGen       total 50688K, used 9577K [0x0000000081a00000, 0x0000000084b80000, 0x00000000d5e00000)
  object space 50688K, 18% used [0x0000000081a00000,0x000000008235a678,0x0000000084b80000)
 Metaspace       used 32945K, capacity 33402K, committed 33664K, reserved 1079296K
  class space    used 4283K, capacity 4395K, committed 4480K, reserved 1048576K
Event: 16.379 GC heap after
Heap after GC invocations=7 (full 1):
 PSYoungGen      total 108544K, used 8161K [0x00000000d5e00000, 0x00000000de180000, 0x0000000100000000)
  eden space 100352K, 0% used [0x00000000d5e00000,0x00000000d5e00000,0x00000000dc000000)
  from space 8192K, 99% used [0x00000000dca00000,0x00000000dd1f8660,0x00000000dd200000)
  to   space 10240K, 0% used [0x00000000dc000000,0x00000000dc000000,0x00000000dca00000)
 ParOldGen       total 50688K, used 11833K [0x0000000081a00000, 0x0000000084b80000, 0x00000000d5e00000)
  object space 50688K, 23% used [0x0000000081a00000,0x000000008258e5f8,0x0000000084b80000)
 Metaspace       used 32945K, capacity 33402K, committed 33664K, reserved 1079296K
  class space    used 4283K, capacity 4395K, committed 4480K, reserved 1048576K
}
Event: 18.520 GC heap before
{Heap before GC invocations=8 (full 1):
 PSYoungGen      total 108544K, used 37426K [0x00000000d5e00000, 0x00000000de180000, 0x0000000100000000)
  eden space 100352K, 29% used [0x00000000d5e00000,0x00000000d7a94408,0x00000000dc000000)
  from space 8192K, 99% used [0x00000000dca00000,0x00000000dd1f8660,0x00000000dd200000)
  to   space 10240K, 0% used [0x00000000dc000000,0x00000000dc000000,0x00000000dca00000)
 ParOldGen       total 50688K, used 11833K [0x0000000081a00000, 0x0000000084b80000, 0x00000000d5e00000)
  object space 50688K, 23% used [0x0000000081a00000,0x000000008258e5f8,0x0000000084b80000)
 Metaspace       used 34819K, capacity 35234K, committed 35496K, reserved 1081344K
  class space    used 4484K, capacity 4593K, committed 4608K, reserved 1048576K
Event: 18.543 GC heap after
Heap after GC invocations=8 (full 1):
 PSYoungGen      total 110592K, used 10137K [0x00000000d5e00000, 0x00000000e1a00000, 0x0000000100000000)
  eden space 100352K, 0% used [0x00000000d5e00000,0x00000000d5e00000,0x00000000dc000000)
  from space 10240K, 99% used [0x00000000dc000000,0x00000000dc9e66d0,0x00000000dca00000)
  to   space 11264K, 0% used [0x00000000e0f00000,0x00000000e0f00000,0x00000000e1a00000)
 ParOldGen       total 50688K, used 11841K [0x0000000081a00000, 0x0000000084b80000, 0x00000000d5e00000)
  object space 50688K, 23% used [0x0000000081a00000,0x00000000825905f8,0x0000000084b80000)
 Metaspace       used 34819K, capacity 35234K, committed 35496K, reserved 1081344K
  class space    used 4484K, capacity 4593K, committed 4608K, reserved 1048576K
}
Event: 18.543 GC heap before
{Heap before GC invocations=9 (full 2):
 PSYoungGen      total 110592K, used 10137K [0x00000000d5e00000, 0x00000000e1a00000, 0x0000000100000000)
  eden space 100352K, 0% used [0x00000000d5e00000,0x00000000d5e00000,0x00000000dc000000)
  from space 10240K, 99% used [0x00000000dc000000,0x00000000dc9e66d0,0x00000000dca00000)
  to   space 11264K, 0% used [0x00000000e0f00000,0x00000000e0f00000,0x00000000e1a00000)
 ParOldGen       total 50688K, used 11841K [0x0000000081a00000, 0x0000000084b80000, 0x00000000d5e00000)
  object space 50688K, 23% used [0x0000000081a00000,0x00000000825905f8,0x0000000084b80000)
 Metaspace       used 34819K, capacity 35234K, committed 35496K, reserved 1081344K
  class space    used 4484K, capacity 4593K, committed 4608K, reserved 1048576K
Event: 18.634 GC heap after
Heap after GC invocations=9 (full 2):
 PSYoungGen      total 110592K, used 0K [0x00000000d5e00000, 0x00000000e1a00000, 0x0000000100000000)
  eden space 100352K, 0% used [0x00000000d5e00000,0x00000000d5e00000,0x00000000dc000000)
  from space 10240K, 0% used [0x00000000dc000000,0x00000000dc000000,0x00000000dca00000)
  to   space 11264K, 0% used [0x00000000e0f00000,0x00000000e0f00000,0x00000000e1a00000)
 ParOldGen       total 75264K, used 16325K [0x0000000081a00000, 0x0000000086380000, 0x00000000d5e00000)
  object space 75264K, 21% used [0x0000000081a00000,0x00000000829f15a0,0x0000000086380000)
 Metaspace       used 34769K, capacity 35164K, committed 35496K, reserved 1081344K
  class space    used 4480K, capacity 4583K, committed 4608K, reserved 1048576K
}

