# JRE version: Java(TM) SE Runtime Environment (8.0_211-b12) (build 1.8.0_211-b12)
# Java VM: Java HotSpot(TM) 64-Bit Server VM (25.211-b12 mixed mode windows-amd64 compressed oops)
Heap:
 PSYoungGen      total 345088K, used 239532K [0x00000000d5e00000, 0x00000000f6000000, 0x0000000100000000)
  eden space 318464K, 66% used [0x00000000d5e00000,0x00000000e2e10548,0x00000000e9500000)
  from space 26624K, 99% used [0x00000000f4600000,0x00000000f5fdae80,0x00000000f6000000)
  to   space 31744K, 0% used [0x00000000f2200000,0x00000000f2200000,0x00000000f4100000)
 ParOldGen       total 58880K, used 37929K [0x0000000081a00000, 0x0000000085380000, 0x00000000d5e00000)
  object space 58880K, 64% used [0x0000000081a00000,0x0000000083f0a4b0,0x0000000085380000)
 Metaspace       used 43874K, capacity 45232K, committed 45360K, reserved 1089536K
  class space    used 5304K, capacity 5605K, committed 5680K, reserved 1048576K
GC Heap History (10 events):
Event: 232.850 GC heap before
{Heap before GC invocations=10 (full 2):
 PSYoungGen      total 135168K, used 135138K [0x00000000d5e00000, 0x00000000e6200000, 0x0000000100000000)
  eden space 124416K, 100% used [0x00000000d5e00000,0x00000000dd780000,0x00000000dd780000)
  from space 10752K, 99% used [0x00000000dd780000,0x00000000de1f8aa8,0x00000000de200000)
  to   space 16384K, 0% used [0x00000000e5200000,0x00000000e5200000,0x00000000e6200000)
 ParOldGen       total 58880K, used 25642K [0x0000000081a00000, 0x0000000085380000, 0x00000000d5e00000)
  object space 58880K, 43% used [0x0000000081a00000,0x000000008330a9c8,0x0000000085380000)
 Metaspace       used 41399K, capacity 42298K, committed 42544K, reserved 1087488K
  class space    used 5184K, capacity 5394K, committed 5424K, reserved 1048576K
Event: 232.863 GC heap after
Heap after GC invocations=10 (full 2):
 PSYoungGen      total 244736K, used 13614K [0x00000000d5e00000, 0x00000000e6100000, 0x0000000100000000)
  eden space 229376K, 0% used [0x00000000d5e00000,0x00000000d5e00000,0x00000000e3e00000)
  from space 15360K, 88% used [0x00000000e5200000,0x00000000e5f4b890,0x00000000e6100000)
  to   space 17920K, 0% used [0x00000000e3e00000,0x00000000e3e00000,0x00000000e4f80000)
 ParOldGen       total 58880K, used 25658K [0x0000000081a00000, 0x0000000085380000, 0x00000000d5e00000)
  object space 58880K, 43% used [0x0000000081a00000,0x000000008330e918,0x0000000085380000)
 Metaspace       used 41399K, capacity 42298K, committed 42544K, reserved 1087488K
  class space    used 5184K, capacity 5394K, committed 5424K, reserved 1048576K
}
Event: 587.392 GC heap before
{Heap before GC invocations=11 (full 2):
 PSYoungGen      total 244736K, used 242990K [0x00000000d5e00000, 0x00000000e6100000, 0x0000000100000000)
  eden space 229376K, 100% used [0x00000000d5e00000,0x00000000e3e00000,0x00000000e3e00000)
  from space 15360K, 88% used [0x00000000e5200000,0x00000000e5f4b890,0x00000000e6100000)
  to   space 17920K, 0% used [0x00000000e3e00000,0x00000000e3e00000,0x00000000e4f80000)
 ParOldGen       total 58880K, used 25658K [0x0000000081a00000, 0x0000000085380000, 0x00000000d5e00000)
  object space 58880K, 43% used [0x0000000081a00000,0x000000008330e918,0x0000000085380000)
 Metaspace       used 42609K, capacity 43770K, committed 43952K, reserved 1087488K
  class space    used 5262K, capacity 5531K, committed 5552K, reserved 1048576K
Event: 587.412 GC heap after
Heap after GC invocations=11 (full 2):
 PSYoungGen      total 247296K, used 17909K [0x00000000d5e00000, 0x00000000ed380000, 0x0000000100000000)
  eden space 229376K, 0% used [0x00000000d5e00000,0x00000000d5e00000,0x00000000e3e00000)
  from space 17920K, 99% used [0x00000000e3e00000,0x00000000e4f7d708,0x00000000e4f80000)
  to   space 21504K, 0% used [0x00000000ebe80000,0x00000000ebe80000,0x00000000ed380000)
 ParOldGen       total 58880K, used 29474K [0x0000000081a00000, 0x0000000085380000, 0x00000000d5e00000)
  object space 58880K, 50% used [0x0000000081a00000,0x00000000836c8990,0x0000000085380000)
 Metaspace       used 42609K, capacity 43770K, committed 43952K, reserved 1087488K
  class space    used 5262K, capacity 5531K, committed 5552K, reserved 1048576K
}
Event: 929.589 GC heap before
{Heap before GC invocations=12 (full 2):
 PSYoungGen      total 247296K, used 247285K [0x00000000d5e00000, 0x00000000ed380000, 0x0000000100000000)
  eden space 229376K, 100% used [0x00000000d5e00000,0x00000000e3e00000,0x00000000e3e00000)
  from space 17920K, 99% used [0x00000000e3e00000,0x00000000e4f7d708,0x00000000e4f80000)
  to   space 21504K, 0% used [0x00000000ebe80000,0x00000000ebe80000,0x00000000ed380000)
 ParOldGen       total 58880K, used 29474K [0x0000000081a00000, 0x0000000085380000, 0x00000000d5e00000)
  object space 58880K, 50% used [0x0000000081a00000,0x00000000836c8990,0x0000000085380000)
 Metaspace       used 42961K, capacity 44238K, committed 44464K, reserved 1087488K
  class space    used 5269K, capacity 5543K, committed 5552K, reserved 1048576K
Event: 929.608 GC heap after
Heap after GC invocations=12 (full 2):
 PSYoungGen      total 352256K, used 18971K [0x00000000d5e00000, 0x00000000ed180000, 0x0000000100000000)
  eden space 332800K, 0% used [0x00000000d5e00000,0x00000000d5e00000,0x00000000ea300000)
  from space 19456K, 97% used [0x00000000ebe80000,0x00000000ed106d00,0x00000000ed180000)
  to   space 23552K, 0% used [0x00000000ea380000,0x00000000ea380000,0x00000000eba80000)
 ParOldGen       total 58880K, used 32977K [0x0000000081a00000, 0x0000000085380000, 0x00000000d5e00000)
  object space 58880K, 56% used [0x0000000081a00000,0x0000000083a34478,0x0000000085380000)
 Metaspace       used 42961K, capacity 44238K, committed 44464K, reserved 1087488K
  class space    used 5269K, capacity 5543K, committed 5552K, reserved 1048576K
}
Event: 1472.644 GC heap before
{Heap before GC invocations=13 (full 2):
 PSYoungGen      total 352256K, used 351771K [0x00000000d5e00000, 0x00000000ed180000, 0x0000000100000000)
  eden space 332800K, 100% used [0x00000000d5e00000,0x00000000ea300000,0x00000000ea300000)
  from space 19456K, 97% used [0x00000000ebe80000,0x00000000ed106d00,0x00000000ed180000)
  to   space 23552K, 0% used [0x00000000ea380000,0x00000000ea380000,0x00000000eba80000)
 ParOldGen       total 58880K, used 32977K [0x0000000081a00000, 0x0000000085380000, 0x00000000d5e00000)
  object space 58880K, 56% used [0x0000000081a00000,0x0000000083a34478,0x0000000085380000)
 Metaspace       used 43399K, capacity 44688K, committed 44848K, reserved 1089536K
  class space    used 5285K, capacity 5573K, committed 5680K, reserved 1048576K
Event: 1472.671 GC heap after
Heap after GC invocations=13 (full 2):
 PSYoungGen      total 356864K, used 23528K [0x00000000d5e00000, 0x00000000f6200000, 0x0000000100000000)
  eden space 333312K, 0% used [0x00000000d5e00000,0x00000000d5e00000,0x00000000ea380000)
  from space 23552K, 99% used [0x00000000ea380000,0x00000000eba7a238,0x00000000eba80000)
  to   space 28672K, 0% used [0x00000000f4600000,0x00000000f4600000,0x00000000f6200000)
 ParOldGen       total 58880K, used 37566K [0x0000000081a00000, 0x0000000085380000, 0x00000000d5e00000)
  object space 58880K, 63% used [0x0000000081a00000,0x0000000083eafa48,0x0000000085380000)
 Metaspace       used 43399K, capacity 44688K, committed 44848K, reserved 1089536K
  class space    used 5285K, capacity 5573K, committed 5680K, reserved 1048576K
}
Event: 1851.212 GC heap before
{Heap before GC invocations=14 (full 2):
 PSYoungGen      total 356864K, used 356840K [0x00000000d5e00000, 0x00000000f6200000, 0x0000000100000000)
  eden space 333312K, 100% used [0x00000000d5e00000,0x00000000ea380000,0x00000000ea380000)
  from space 23552K, 99% used [0x00000000ea380000,0x00000000eba7a238,0x00000000eba80000)
  to   space 28672K, 0% used [0x00000000f4600000,0x00000000f4600000,0x00000000f6200000)
 ParOldGen       total 58880K, used 37566K [0x0000000081a00000, 0x0000000085380000, 0x00000000d5e00000)
  object space 58880K, 63% used [0x0000000081a00000,0x0000000083eafa48,0x0000000085380000)
 Metaspace       used 43678K, capacity 45020K, committed 45360K, reserved 1089536K
  class space    used 5298K, capacity 5593K, committed 5680K, reserved 1048576K
Event: 1851.230 GC heap after
Heap after GC invocations=14 (full 2):
 PSYoungGen      total 345088K, used 26475K [0x00000000d5e00000, 0x00000000f6000000, 0x0000000100000000)
  eden space 318464K, 0% used [0x00000000d5e00000,0x00000000d5e00000,0x00000000e9500000)
  from space 26624K, 99% used [0x00000000f4600000,0x00000000f5fdae80,0x00000000f6000000)
  to   space 31744K, 0% used [0x00000000f2200000,0x00000000f2200000,0x00000000f4100000)
 ParOldGen       total 58880K, used 37929K [0x0000000081a00000, 0x0000000085380000, 0x00000000d5e00000)
  object space 58880K, 64% used [0x0000000081a00000,0x0000000083f0a4b0,0x0000000085380000)
 Metaspace       used 43678K, capacity 45020K, committed 45360K, reserved 1089536K
  class space    used 5298K, capacity 5593K, committed 5680K, reserved 1048576K
}

